Drill report for LCD_Project.kicad_pcb
Created on 2026-06-28T23:10:59

Copper Layer Stackup:
    =============================================================
    L1 :  F.Cu                      front
    L2 :  B.Cu                      back


Drill file 'LCD_Project-PTH-drl.gbr' contains
    plated through holes:
    =============================================================
    T1  0.300mm  0.0118"  (16 holes))
    T2  0.800mm  0.0315"  (15 holes))
    T3  0.900mm  0.0354"  (4 holes))
    T4  1.000mm  0.0394"  (2 holes))
    T5  1.100mm  0.0433"  (12 holes))
    T6  1.200mm  0.0472"  (24 holes))
    T7  3.500mm  0.1378"  (4 holes))

    Total plated holes count 77


Drill file 'LCD_Project-NPTH-drl.gbr' contains
    unplated through holes:
    =============================================================

    Total unplated holes count 0
